[debug] [2021-10-25T12:14:12.177Z] ----------------------------------------------------------------------
[debug] [2021-10-25T12:14:12.180Z] Command:       /usr/local/Cellar/node/16.4.1/bin/node /usr/local/bin/firebase projects:list
[debug] [2021-10-25T12:14:12.180Z] CLI Version:   9.21.0
[debug] [2021-10-25T12:14:12.180Z] Platform:      darwin
[debug] [2021-10-25T12:14:12.180Z] Node Version:  v16.4.1
[debug] [2021-10-25T12:14:12.181Z] Time:          Mon Oct 25 2021 14:14:12 GMT+0200 (Central European Summer Time)
[debug] [2021-10-25T12:14:12.181Z] ----------------------------------------------------------------------
[debug] 
[debug] [2021-10-25T12:14:12.224Z] > command requires scopes: ["email","openid","https://www.googleapis.com/auth/cloudplatformprojects.readonly","https://www.googleapis.com/auth/firebase","https://www.googleapis.com/auth/cloud-platform"]
[debug] [2021-10-25T12:14:12.224Z] > authorizing via signed-in user (julien.rahier@gmail.com)
[debug] [2021-10-25T12:14:12.229Z] > refreshing access token with scopes: []
[debug] [2021-10-25T12:14:12.229Z] >>> HTTP REQUEST POST https://www.googleapis.com/oauth2/v3/token  
 <request body omitted>
[debug] [2021-10-25T12:14:12.348Z] <<< HTTP RESPONSE 400 {"expires":"Mon, 01 Jan 1990 00:00:00 GMT","pragma":"no-cache","cache-control":"no-cache, no-store, max-age=0, must-revalidate","date":"Mon, 25 Oct 2021 12:14:12 GMT","content-type":"application/json; charset=utf-8","vary":"X-Origin, Referer, Origin,Accept-Encoding","server":"scaffolding on HTTPServer2","x-xss-protection":"0","x-frame-options":"SAMEORIGIN","x-content-type-options":"nosniff","alt-svc":"h3=\":443\"; ma=2592000,h3-29=\":443\"; ma=2592000,h3-Q050=\":443\"; ma=2592000,h3-Q046=\":443\"; ma=2592000,h3-Q043=\":443\"; ma=2592000","accept-ranges":"none","transfer-encoding":"chunked"}
[debug] [2021-10-25T12:14:12.350Z] >>> [apiv2][query] GET https://firebase.googleapis.com/v1beta1/projects pageSize=1000
[debug] [2021-10-25T12:14:12.516Z] <<< [apiv2][status] GET https://firebase.googleapis.com/v1beta1/projects 401
[debug] [2021-10-25T12:14:12.516Z] <<< [apiv2][body] GET https://firebase.googleapis.com/v1beta1/projects [omitted]
[debug] [2021-10-25T12:14:12.517Z] HTTP Error: 401, Request had invalid authentication credentials. Expected OAuth 2 access token, login cookie or other valid authentication credential. See https://developers.google.com/identity/sign-in/web/devconsole-project.
[debug] [2021-10-25T12:14:12.847Z] FirebaseError: HTTP Error: 401, Request had invalid authentication credentials. Expected OAuth 2 access token, login cookie or other valid authentication credential. See https://developers.google.com/identity/sign-in/web/devconsole-project.
    at module.exports (/usr/local/lib/node_modules/firebase-tools/lib/responseToError.js:38:12)
    at Client.doRequest (/usr/local/lib/node_modules/firebase-tools/lib/apiv2.js:240:23)
    at processTicksAndRejections (node:internal/process/task_queues:96:5)
    at async Client.request (/usr/local/lib/node_modules/firebase-tools/lib/apiv2.js:96:20)
    at async getProjectPage (/usr/local/lib/node_modules/firebase-tools/lib/management/projects.js:233:17)
    at async getFirebaseProjectPage (/usr/local/lib/node_modules/firebase-tools/lib/management/projects.js:250:23)
    at async Object.listFirebaseProjects (/usr/local/lib/node_modules/firebase-tools/lib/management/projects.js:281:29)
    at async Command.actionFn (/usr/local/lib/node_modules/firebase-tools/lib/commands/projects-list.js:50:20)
[error] 
[error] Error: Failed to list Firebase projects. See firebase-debug.log for more info.
